<?xml version="1.0" encoding="UTF-8"?>
<!-- Generated by org.testng.reporters.JUnitReportReporter -->
<testsuite hostname="DESKTOP-AIGLTJB" failures="0" tests="1" name="testCase.BaseTest" time="0.149" errors="0" timestamp="2023-07-06T18:07:00 SGT" skipped="0">
  <testcase classname="testCase.BaseTest" name="compareData" time="0.149"/>
  <system-out/>
</testsuite> <!-- testCase.BaseTest -->
